<?xml version="1.0" encoding="UTF-8"?>
<!-- Generated by org.testng.reporters.JUnitReportReporter -->
<testsuite hostname="Alecs-MacBook-Pro-2.local" failures="0" tests="3" name="runners.RunCuke" time="12.498" errors="0" timestamp="03 Nov 2020 01:16:05 GMT" skipped="0">
  <testcase classname="runners.RunCuke" name="runScenario" time="4.628"/>
  <testcase classname="runners.RunCuke" name="runScenario" time="3.940"/>
  <testcase classname="runners.RunCuke" name="runScenario" time="3.930"/>
</testsuite> <!-- runners.RunCuke -->
