<?xml version="1.0" encoding="UTF-8"?>
<!-- Generated by org.testng.reporters.JUnitReportReporter -->
<testsuite hostname="Alecs-MacBook-Pro-2.local" failures="0" tests="7" name="runners.RunCuke" time="88.195" errors="1" timestamp="09 Nov 2020 21:46:11 GMT" skipped="0">
  <testcase classname="runners.RunCuke" name="runScenario" time="6.191"/>
  <testcase classname="runners.RunCuke" name="runScenario" time="11.508"/>
  <testcase classname="runners.RunCuke" name="runScenario" time="6.493"/>
  <testcase classname="runners.RunCuke" name="runScenario" time="7.242"/>
  <testcase classname="runners.RunCuke" name="runScenario" time="7.798"/>
  <testcase classname="runners.RunCuke" name="runScenario" time="11.365"/>
  <testcase classname="runners.RunCuke" name="runScenario" time="37.598">
    <error type="java.lang.NullPointerException">
      <![CDATA[java.lang.NullPointerException
at java.base/java.lang.reflect.Method.invoke(Method.java:559)
at org.openqa.selenium.support.pagefactory.internal.LocatingElementHandler.invoke(LocatingElementHandler.java:51)
at com.sun.proxy.$Proxy25.isDisplayed(Unknown Source)
at org.openqa.selenium.support.ui.ExpectedConditions.elementIfVisible(ExpectedConditions.java:301)
at org.openqa.selenium.support.ui.ExpectedConditions.access$100(ExpectedConditions.java:43)
at org.openqa.selenium.support.ui.ExpectedConditions$10.apply(ExpectedConditions.java:287)
at org.openqa.selenium.support.ui.ExpectedConditions$10.apply(ExpectedConditions.java:284)
at org.openqa.selenium.support.ui.FluentWait.until(FluentWait.java:208)
at pages.actions.ProfileWallActions.firstPostLikeShowsOnWallAndProfile(ProfileWallActions.java:252)
at steps.ProfileSteps.the_like_count_incremented(ProfileSteps.java:143)
at âœ½.the like count goes up by one on my profile and on my wall(file:src/test/resources/FeatureFiles/Profile.feature:90)
]]>
    </error>
  </testcase> <!-- runScenario -->
</testsuite> <!-- runners.RunCuke -->
