<?xml version="1.0" encoding="UTF-8"?>
<!-- Generated by org.testng.reporters.JUnitReportReporter -->
<testsuite hostname="Alecs-MacBook-Pro-2.local" failures="0" tests="1" name="runners.RunCuke" time="14.805" errors="0" timestamp="13 Nov 2020 22:01:53 GMT" skipped="0">
  <testcase classname="runners.RunCuke" name="runScenario" time="14.805"/>
</testsuite> <!-- runners.RunCuke -->
