<?xml version="1.0" encoding="UTF-8"?>
<!-- Generated by org.testng.reporters.JUnitReportReporter -->
<testsuite hostname="Alecs-MacBook-Pro-2.local" failures="0" tests="1" name="runners.RunCuke" time="8.267" errors="0" timestamp="07 Nov 2020 21:03:33 GMT" skipped="0">
  <testcase classname="runners.RunCuke" name="runScenario" time="8.267"/>
</testsuite> <!-- runners.RunCuke -->
