<?xml version="1.0" encoding="UTF-8"?>
<!-- Generated by org.testng.reporters.JUnitReportReporter -->
<testsuite hostname="Alecs-MacBook-Pro-2.local" failures="0" tests="3" name="runners.RunCuke" time="37.101" errors="0" timestamp="12 Nov 2020 22:19:55 GMT" skipped="0">
  <testcase classname="runners.RunCuke" name="runScenario" time="12.237"/>
  <testcase classname="runners.RunCuke" name="runScenario" time="13.187"/>
  <testcase classname="runners.RunCuke" name="runScenario" time="11.677"/>
</testsuite> <!-- runners.RunCuke -->
