<?xml version="1.0" encoding="UTF-8"?>
<!-- Generated by org.testng.reporters.JUnitReportReporter -->
<testsuite hostname="Alecs-MacBook-Pro-2.local" failures="0" tests="5" name="runners.RunCuke" time="39.820" errors="0" timestamp="08 Nov 2020 20:59:37 GMT" skipped="0">
  <testcase classname="runners.RunCuke" name="runScenario" time="11.673"/>
  <testcase classname="runners.RunCuke" name="runScenario" time="6.416"/>
  <testcase classname="runners.RunCuke" name="runScenario" time="7.185"/>
  <testcase classname="runners.RunCuke" name="runScenario" time="6.978"/>
  <testcase classname="runners.RunCuke" name="runScenario" time="7.568"/>
</testsuite> <!-- runners.RunCuke -->
