<?xml version="1.0" encoding="UTF-8"?>
<!-- Generated by org.testng.reporters.JUnitReportReporter -->
<testsuite hostname="Alecs-MacBook-Pro-2.local" failures="0" tests="5" name="runners.RunCuke" time="34.737" errors="0" timestamp="07 Nov 2020 23:33:32 GMT" skipped="0">
  <testcase classname="runners.RunCuke" name="runScenario" time="7.369"/>
  <testcase classname="runners.RunCuke" name="runScenario" time="6.284"/>
  <testcase classname="runners.RunCuke" name="runScenario" time="6.362"/>
  <testcase classname="runners.RunCuke" name="runScenario" time="6.275"/>
  <testcase classname="runners.RunCuke" name="runScenario" time="8.447"/>
</testsuite> <!-- runners.RunCuke -->
