<?xml version="1.0" encoding="UTF-8"?>
<!-- Generated by org.testng.reporters.JUnitReportReporter -->
<testsuite hostname="Alecs-MacBook-Pro-2.local" failures="0" tests="1" name="runners.RunCuke" time="0.005" errors="1" timestamp="04 Nov 2020 00:38:39 GMT" skipped="0">
  <testcase classname="runners.RunCuke" name="runScenario" time="0.005">
    <error message="Failed to parse resource at: file:src/test/resources/FeatureFiles/Profile.feature" type="cucumber.runtime.CucumberException">
      <![CDATA[cucumber.runtime.CucumberException: Failed to parse resource at: file:src/test/resources/FeatureFiles/Profile.feature
at cucumber.runtime.model.FeatureParser.parseResource(FeatureParser.java:40)
at cucumber.runtime.model.FeatureBuilder.parse(FeatureBuilder.java:25)
at cucumber.runtime.model.FeatureLoader.loadFromFeaturePath(FeatureLoader.java:36)
at cucumber.runtime.model.FeatureLoader.load(FeatureLoader.java:23)
at cucumber.runtime.FeaturePathFeatureSupplier.get(FeaturePathFeatureSupplier.java:33)
at io.cucumber.testng.TestNGCucumberRunner.getFeatures(TestNGCucumberRunner.java:116)
at io.cucumber.testng.TestNGCucumberRunner.provideScenarios(TestNGCucumberRunner.java:98)
at cucumber.api.testng.TestNGCucumberRunner.provideScenarios(TestNGCucumberRunner.java:32)
at cucumber.api.testng.AbstractTestNGCucumberTests.scenarios(AbstractTestNGCucumberTests.java:40)
at java.base/jdk.internal.reflect.NativeMethodAccessorImpl.invoke0(Native Method)
at java.base/jdk.internal.reflect.NativeMethodAccessorImpl.invoke(NativeMethodAccessorImpl.java:62)
at java.base/jdk.internal.reflect.DelegatingMethodAccessorImpl.invoke(DelegatingMethodAccessorImpl.java:43)
at java.base/java.lang.reflect.Method.invoke(Method.java:566)
at org.testng.internal.MethodInvocationHelper.invokeMethod(MethodInvocationHelper.java:124)
at org.testng.internal.MethodInvocationHelper.invokeMethod(MethodInvocationHelper.java:74)
at org.testng.internal.MethodInvocationHelper.invokeMethodNoCheckedException(MethodInvocationHelper.java:45)
at org.testng.internal.MethodInvocationHelper.invokeDataProvider(MethodInvocationHelper.java:131)
at org.testng.internal.Parameters.handleParameters(Parameters.java:706)
at org.testng.internal.ParameterHandler.handleParameters(ParameterHandler.java:49)
at org.testng.internal.ParameterHandler.createParameters(ParameterHandler.java:37)
at org.testng.internal.Invoker.invokeTestMethods(Invoker.java:924)
at org.testng.internal.TestMethodWorker.invokeTestMethods(TestMethodWorker.java:125)
at org.testng.internal.TestMethodWorker.run(TestMethodWorker.java:109)
at org.testng.TestRunner.privateRun(TestRunner.java:648)
at org.testng.TestRunner.run(TestRunner.java:505)
at org.testng.SuiteRunner.runTest(SuiteRunner.java:455)
at org.testng.SuiteRunner.runSequentially(SuiteRunner.java:450)
at org.testng.SuiteRunner.privateRun(SuiteRunner.java:415)
at org.testng.SuiteRunner.run(SuiteRunner.java:364)
at org.testng.SuiteRunnerWorker.runSuite(SuiteRunnerWorker.java:52)
at org.testng.SuiteRunnerWorker.run(SuiteRunnerWorker.java:84)
at org.testng.TestNG.runSuitesSequentially(TestNG.java:1208)
at org.testng.TestNG.runSuitesLocally(TestNG.java:1137)
at org.testng.TestNG.runSuites(TestNG.java:1049)
at org.testng.TestNG.run(TestNG.java:1017)
at org.testng.remote.AbstractRemoteTestNG.run(AbstractRemoteTestNG.java:115)
at org.testng.remote.RemoteTestNG.initAndRun(RemoteTestNG.java:251)
at org.testng.remote.RemoteTestNG.main(RemoteTestNG.java:77)
Caused by: gherkin.ParserException$CompositeParserException: Parser errors:
(122:6): expected: #EOF, #TableRow, #DocStringSeparator, #StepLine, #TagLine, #ScenarioLine, #ScenarioOutlineLine, #Comment, #Empty, got 'I click on the like button for the first post on my profile'
(133:6): expected: #EOF, #TableRow, #DocStringSeparator, #StepLine, #TagLine, #ScenarioLine, #ScenarioOutlineLine, #Comment, #Empty, got 'I enter a comment on the first post in my profile'
(144:6): expected: #EOF, #TableRow, #DocStringSeparator, #StepLine, #TagLine, #ScenarioLine, #ScenarioOutlineLine, #Comment, #Empty, got 'I delete the last comment on the first post on my profile'
at gherkin.Parser.parse(Parser.java:143)
at gherkin.Parser.parse(Parser.java:118)
at gherkin.Parser.parse(Parser.java:114)
at cucumber.runtime.model.FeatureParser.parseResource(FeatureParser.java:36)
... 37 more
]]>
    </error>
  </testcase> <!-- runScenario -->
</testsuite> <!-- runners.RunCuke -->
