<?xml version="1.0" encoding="UTF-8"?>
<!-- Generated by org.testng.reporters.JUnitReportReporter -->
<testsuite hostname="Alecs-MacBook-Pro-2.local" failures="0" tests="3" name="runners.RunCuke" time="13.270" errors="0" timestamp="03 Nov 2020 01:11:55 GMT" skipped="0">
  <testcase classname="runners.RunCuke" name="runScenario" time="5.002"/>
  <testcase classname="runners.RunCuke" name="runScenario" time="4.162"/>
  <testcase classname="runners.RunCuke" name="runScenario" time="4.106"/>
</testsuite> <!-- runners.RunCuke -->
