<?xml version="1.0" encoding="UTF-8"?>
<!-- Generated by org.testng.reporters.JUnitReportReporter -->
<testsuite hostname="Alecs-MacBook-Pro-2.local" failures="0" tests="3" name="runners.RunCuke" time="39.336" errors="0" timestamp="01 Jan 2021 20:35:44 GMT" skipped="0">
  <testcase classname="runners.RunCuke" name="runScenario" time="13.679"/>
  <testcase classname="runners.RunCuke" name="runScenario" time="13.267"/>
  <testcase classname="runners.RunCuke" name="runScenario" time="12.390"/>
</testsuite> <!-- runners.RunCuke -->
