<?xml version="1.0" encoding="UTF-8"?>
<!-- Generated by org.testng.reporters.JUnitReportReporter -->
<testsuite hostname="Alecs-MacBook-Pro-2.local" failures="0" tests="18" name="runners.RunCuke" time="160.805" errors="0" timestamp="16 Jan 2021 20:28:27 GMT" skipped="0">
  <testcase classname="runners.RunCuke" name="runScenario" time="4.650"/>
  <testcase classname="runners.RunCuke" name="runScenario" time="6.964"/>
  <testcase classname="runners.RunCuke" name="runScenario" time="5.384"/>
  <testcase classname="runners.RunCuke" name="runScenario" time="8.961"/>
  <testcase classname="runners.RunCuke" name="runScenario" time="6.114"/>
  <testcase classname="runners.RunCuke" name="runScenario" time="14.729"/>
  <testcase classname="runners.RunCuke" name="runScenario" time="4.335"/>
  <testcase classname="runners.RunCuke" name="runScenario" time="14.088"/>
  <testcase classname="runners.RunCuke" name="runScenario" time="7.597"/>
  <testcase classname="runners.RunCuke" name="runScenario" time="13.266"/>
  <testcase classname="runners.RunCuke" name="runScenario" time="6.151"/>
  <testcase classname="runners.RunCuke" name="runScenario" time="11.913"/>
  <testcase classname="runners.RunCuke" name="runScenario" time="11.449"/>
  <testcase classname="runners.RunCuke" name="runScenario" time="12.153"/>
  <testcase classname="runners.RunCuke" name="runScenario" time="6.654"/>
  <testcase classname="runners.RunCuke" name="runScenario" time="7.279"/>
  <testcase classname="runners.RunCuke" name="runScenario" time="7.512"/>
  <testcase classname="runners.RunCuke" name="runScenario" time="11.606"/>
</testsuite> <!-- runners.RunCuke -->
