<?xml version="1.0" encoding="UTF-8"?>
<!-- Generated by org.testng.reporters.JUnitReportReporter -->
<testsuite hostname="Alecs-MacBook-Pro-2.local" failures="0" tests="7" name="runners.RunCuke" time="64.332" errors="0" timestamp="12 Nov 2020 19:56:37 GMT" skipped="0">
  <testcase classname="runners.RunCuke" name="runScenario" time="7.543"/>
  <testcase classname="runners.RunCuke" name="runScenario" time="11.876"/>
  <testcase classname="runners.RunCuke" name="runScenario" time="6.330"/>
  <testcase classname="runners.RunCuke" name="runScenario" time="6.667"/>
  <testcase classname="runners.RunCuke" name="runScenario" time="7.855"/>
  <testcase classname="runners.RunCuke" name="runScenario" time="11.582"/>
  <testcase classname="runners.RunCuke" name="runScenario" time="12.479"/>
</testsuite> <!-- runners.RunCuke -->
