<?xml version="1.0" encoding="UTF-8"?>
<!-- Generated by org.testng.reporters.JUnitReportReporter -->
<testsuite hostname="Alecs-MacBook-Pro-2.local" failures="0" tests="3" name="runners.RunCuke" time="10.892" errors="0" timestamp="02 Nov 2020 23:10:42 GMT" skipped="3">
  <testcase classname="runners.RunCuke" name="runScenario" time="6.880">
    <skipped/>
  </testcase> <!-- runScenario -->
  <testcase classname="runners.RunCuke" name="runScenario" time="2.462">
    <skipped/>
  </testcase> <!-- runScenario -->
  <testcase classname="runners.RunCuke" name="runScenario" time="1.550">
    <skipped/>
  </testcase> <!-- runScenario -->
</testsuite> <!-- runners.RunCuke -->
