<?xml version="1.0" encoding="UTF-8"?>
<!-- Generated by org.testng.reporters.JUnitReportReporter -->
<testsuite hostname="Alecs-MacBook-Pro-2.local" failures="0" tests="3" name="runners.RunCuke" time="16.196" errors="0" timestamp="03 Nov 2020 18:30:28 GMT" skipped="0">
  <testcase classname="runners.RunCuke" name="runScenario" time="7.308"/>
  <testcase classname="runners.RunCuke" name="runScenario" time="4.443"/>
  <testcase classname="runners.RunCuke" name="runScenario" time="4.445"/>
</testsuite> <!-- runners.RunCuke -->
