<?xml version="1.0" encoding="UTF-8"?>
<!-- Generated by org.testng.reporters.JUnitReportReporter -->
<testsuite hostname="Alecs-MacBook-Pro-2.local" failures="0" tests="8" name="runners.RunCuke" time="158.384" errors="0" timestamp="12 Nov 2020 21:12:05 GMT" skipped="0">
  <testcase classname="runners.RunCuke" name="runScenario" time="20.688"/>
  <testcase classname="runners.RunCuke" name="runScenario" time="22.248"/>
  <testcase classname="runners.RunCuke" name="runScenario" time="23.802"/>
  <testcase classname="runners.RunCuke" name="runScenario" time="23.635"/>
  <testcase classname="runners.RunCuke" name="runScenario" time="16.606"/>
  <testcase classname="runners.RunCuke" name="runScenario" time="19.548"/>
  <testcase classname="runners.RunCuke" name="runScenario" time="14.674"/>
  <testcase classname="runners.RunCuke" name="runScenario" time="17.183"/>
</testsuite> <!-- runners.RunCuke -->
