<?xml version="1.0" encoding="UTF-8"?>
<!-- Generated by org.testng.reporters.JUnitReportReporter -->
<testsuite hostname="Alecs-MacBook-Pro-2.local" failures="0" tests="10" name="runners.RunCuke" time="67.905" errors="3" timestamp="16 Jan 2021 19:40:23 GMT" skipped="1">
  <testcase classname="runners.RunCuke" name="runScenario" time="0.024">
    <error message="no such window: window was already closed
  (Session info: chrome=87.0.4280.141)
Build info: version: &#039;3.8.1&#039;, revision: &#039;6e95a6684b&#039;, time: &#039;2017-12-01T18:33:54.468Z&#039;
System info: host: &#039;Alecs-MacBook-Pro-2.local&#039;, ip: &#039;fe80:0:0:0:473:70f:13e0:9fdf%en0&#039;, os.name: &#039;Mac OS X&#039;, os.arch: &#039;x86_64&#039;, os.version: &#039;10.15.4&#039;, java.version: &#039;11.0.8&#039;
Driver info: org.openqa.selenium.chrome.ChromeDriver
Capabilities {acceptInsecureCerts: false, browserName: chrome, browserVersion: 87.0.4280.141, chrome: {chromedriverVersion: 87.0.4280.88 (89e2380a3e36c..., userDataDir: /var/folders/ct/jqfbbh8j7v3...}, goog:chromeOptions: {debuggerAddress: localhost:60108}, javascriptEnabled: true, networkConnectionEnabled: false, pageLoadStrategy: normal, platform: MAC, platformName: MAC, proxy: Proxy(), setWindowRect: true, strictFileInteractability: false, timeouts: {implicit: 0, pageLoad: 300000, script: 30000}, unhandledPromptBehavior: dismiss and notify, webauthn:virtualAuthenticators: true}
Session ID: ee53af283563fdaf8029c0e46809a493" type="org.openqa.selenium.NoSuchWindowException">
      <![CDATA[org.openqa.selenium.NoSuchWindowException: no such window: window was already closed
  (Session info: chrome=87.0.4280.141)
Build info: version: '3.8.1', revision: '6e95a6684b', time: '2017-12-01T18:33:54.468Z'
System info: host: 'Alecs-MacBook-Pro-2.local', ip: 'fe80:0:0:0:473:70f:13e0:9fdf%en0', os.name: 'Mac OS X', os.arch: 'x86_64', os.version: '10.15.4', java.version: '11.0.8'
Driver info: org.openqa.selenium.chrome.ChromeDriver
Capabilities {acceptInsecureCerts: false, browserName: chrome, browserVersion: 87.0.4280.141, chrome: {chromedriverVersion: 87.0.4280.88 (89e2380a3e36c..., userDataDir: /var/folders/ct/jqfbbh8j7v3...}, goog:chromeOptions: {debuggerAddress: localhost:60108}, javascriptEnabled: true, networkConnectionEnabled: false, pageLoadStrategy: normal, platform: MAC, platformName: MAC, proxy: Proxy(), setWindowRect: true, strictFileInteractability: false, timeouts: {implicit: 0, pageLoad: 300000, script: 30000}, unhandledPromptBehavior: dismiss and notify, webauthn:virtualAuthenticators: true}
Session ID: ee53af283563fdaf8029c0e46809a493
at java.base/jdk.internal.reflect.NativeConstructorAccessorImpl.newInstance0(Native Method)
at java.base/jdk.internal.reflect.NativeConstructorAccessorImpl.newInstance(NativeConstructorAccessorImpl.java:62)
at java.base/jdk.internal.reflect.DelegatingConstructorAccessorImpl.newInstance(DelegatingConstructorAccessorImpl.java:45)
at java.base/java.lang.reflect.Constructor.newInstance(Constructor.java:490)
at org.openqa.selenium.remote.http.W3CHttpResponseCodec.createException(W3CHttpResponseCodec.java:187)
at org.openqa.selenium.remote.http.W3CHttpResponseCodec.decode(W3CHttpResponseCodec.java:122)
at org.openqa.selenium.remote.http.W3CHttpResponseCodec.decode(W3CHttpResponseCodec.java:49)
at org.openqa.selenium.remote.HttpCommandExecutor.execute(HttpCommandExecutor.java:164)
at org.openqa.selenium.remote.service.DriverCommandExecutor.execute(DriverCommandExecutor.java:83)
at org.openqa.selenium.remote.RemoteWebDriver.execute(RemoteWebDriver.java:601)
at org.openqa.selenium.remote.RemoteWebDriver.get(RemoteWebDriver.java:325)
at utils.SeleniumDriver.openPage(SeleniumDriver.java:44)
at steps.SharedSteps.user_navigates_to_landing_page(SharedSteps.java:26)
at ✽.I am on the landing page "https://spbk.herokuapp.com/#/login" of the website(file:src/test/resources/FeatureFiles/Profile.feature:115)
]]>
    </error>
  </testcase> <!-- runScenario -->
  <testcase classname="runners.RunCuke" name="runScenario" time="6.515">
    <skipped/>
  </testcase> <!-- runScenario -->
  <testcase classname="runners.RunCuke" name="runScenario" time="0.033">
    <error message="no such window: window was already closed
  (Session info: chrome=87.0.4280.141)
Build info: version: &#039;3.8.1&#039;, revision: &#039;6e95a6684b&#039;, time: &#039;2017-12-01T18:33:54.468Z&#039;
System info: host: &#039;Alecs-MacBook-Pro-2.local&#039;, ip: &#039;fe80:0:0:0:473:70f:13e0:9fdf%en0&#039;, os.name: &#039;Mac OS X&#039;, os.arch: &#039;x86_64&#039;, os.version: &#039;10.15.4&#039;, java.version: &#039;11.0.8&#039;
Driver info: org.openqa.selenium.chrome.ChromeDriver
Capabilities {acceptInsecureCerts: false, browserName: chrome, browserVersion: 87.0.4280.141, chrome: {chromedriverVersion: 87.0.4280.88 (89e2380a3e36c..., userDataDir: /var/folders/ct/jqfbbh8j7v3...}, goog:chromeOptions: {debuggerAddress: localhost:60108}, javascriptEnabled: true, networkConnectionEnabled: false, pageLoadStrategy: normal, platform: MAC, platformName: MAC, proxy: Proxy(), setWindowRect: true, strictFileInteractability: false, timeouts: {implicit: 0, pageLoad: 300000, script: 30000}, unhandledPromptBehavior: dismiss and notify, webauthn:virtualAuthenticators: true}
Session ID: ee53af283563fdaf8029c0e46809a493" type="org.openqa.selenium.NoSuchWindowException">
      <![CDATA[org.openqa.selenium.NoSuchWindowException: no such window: window was already closed
  (Session info: chrome=87.0.4280.141)
Build info: version: '3.8.1', revision: '6e95a6684b', time: '2017-12-01T18:33:54.468Z'
System info: host: 'Alecs-MacBook-Pro-2.local', ip: 'fe80:0:0:0:473:70f:13e0:9fdf%en0', os.name: 'Mac OS X', os.arch: 'x86_64', os.version: '10.15.4', java.version: '11.0.8'
Driver info: org.openqa.selenium.chrome.ChromeDriver
Capabilities {acceptInsecureCerts: false, browserName: chrome, browserVersion: 87.0.4280.141, chrome: {chromedriverVersion: 87.0.4280.88 (89e2380a3e36c..., userDataDir: /var/folders/ct/jqfbbh8j7v3...}, goog:chromeOptions: {debuggerAddress: localhost:60108}, javascriptEnabled: true, networkConnectionEnabled: false, pageLoadStrategy: normal, platform: MAC, platformName: MAC, proxy: Proxy(), setWindowRect: true, strictFileInteractability: false, timeouts: {implicit: 0, pageLoad: 300000, script: 30000}, unhandledPromptBehavior: dismiss and notify, webauthn:virtualAuthenticators: true}
Session ID: ee53af283563fdaf8029c0e46809a493
at java.base/jdk.internal.reflect.NativeConstructorAccessorImpl.newInstance0(Native Method)
at java.base/jdk.internal.reflect.NativeConstructorAccessorImpl.newInstance(NativeConstructorAccessorImpl.java:62)
at java.base/jdk.internal.reflect.DelegatingConstructorAccessorImpl.newInstance(DelegatingConstructorAccessorImpl.java:45)
at java.base/java.lang.reflect.Constructor.newInstance(Constructor.java:490)
at org.openqa.selenium.remote.http.W3CHttpResponseCodec.createException(W3CHttpResponseCodec.java:187)
at org.openqa.selenium.remote.http.W3CHttpResponseCodec.decode(W3CHttpResponseCodec.java:122)
at org.openqa.selenium.remote.http.W3CHttpResponseCodec.decode(W3CHttpResponseCodec.java:49)
at org.openqa.selenium.remote.HttpCommandExecutor.execute(HttpCommandExecutor.java:164)
at org.openqa.selenium.remote.service.DriverCommandExecutor.execute(DriverCommandExecutor.java:83)
at org.openqa.selenium.remote.RemoteWebDriver.execute(RemoteWebDriver.java:601)
at org.openqa.selenium.remote.RemoteWebDriver.get(RemoteWebDriver.java:325)
at utils.SeleniumDriver.openPage(SeleniumDriver.java:44)
at steps.SharedSteps.user_navigates_to_landing_page(SharedSteps.java:26)
at ✽.I am on the landing page "https://spbk.herokuapp.com/#/login" of the website(file:src/test/resources/FeatureFiles/Profile.feature:104)
]]>
    </error>
  </testcase> <!-- runScenario -->
  <testcase classname="runners.RunCuke" name="runScenario" time="11.789"/>
  <testcase classname="runners.RunCuke" name="runScenario" time="7.690"/>
  <testcase classname="runners.RunCuke" name="runScenario" time="4.971">
    <error message="no such window: window was already closed
  (Session info: chrome=87.0.4280.141)
Build info: version: &#039;3.8.1&#039;, revision: &#039;6e95a6684b&#039;, time: &#039;2017-12-01T18:33:54.468Z&#039;
System info: host: &#039;Alecs-MacBook-Pro-2.local&#039;, ip: &#039;fe80:0:0:0:473:70f:13e0:9fdf%en0&#039;, os.name: &#039;Mac OS X&#039;, os.arch: &#039;x86_64&#039;, os.version: &#039;10.15.4&#039;, java.version: &#039;11.0.8&#039;
Driver info: org.openqa.selenium.chrome.ChromeDriver
Capabilities {acceptInsecureCerts: false, browserName: chrome, browserVersion: 87.0.4280.141, chrome: {chromedriverVersion: 87.0.4280.88 (89e2380a3e36c..., userDataDir: /var/folders/ct/jqfbbh8j7v3...}, goog:chromeOptions: {debuggerAddress: localhost:60108}, javascriptEnabled: true, networkConnectionEnabled: false, pageLoadStrategy: normal, platform: MAC, platformName: MAC, proxy: Proxy(), setWindowRect: true, strictFileInteractability: false, timeouts: {implicit: 0, pageLoad: 300000, script: 30000}, unhandledPromptBehavior: dismiss and notify, webauthn:virtualAuthenticators: true}
Session ID: ee53af283563fdaf8029c0e46809a493
*** Element info: {Using=xpath, value=/html/body/main/div/header/div/div[2]/ul[1]/li[2]/a}" type="org.openqa.selenium.NoSuchWindowException">
      <![CDATA[org.openqa.selenium.NoSuchWindowException: no such window: window was already closed
  (Session info: chrome=87.0.4280.141)
Build info: version: '3.8.1', revision: '6e95a6684b', time: '2017-12-01T18:33:54.468Z'
System info: host: 'Alecs-MacBook-Pro-2.local', ip: 'fe80:0:0:0:473:70f:13e0:9fdf%en0', os.name: 'Mac OS X', os.arch: 'x86_64', os.version: '10.15.4', java.version: '11.0.8'
Driver info: org.openqa.selenium.chrome.ChromeDriver
Capabilities {acceptInsecureCerts: false, browserName: chrome, browserVersion: 87.0.4280.141, chrome: {chromedriverVersion: 87.0.4280.88 (89e2380a3e36c..., userDataDir: /var/folders/ct/jqfbbh8j7v3...}, goog:chromeOptions: {debuggerAddress: localhost:60108}, javascriptEnabled: true, networkConnectionEnabled: false, pageLoadStrategy: normal, platform: MAC, platformName: MAC, proxy: Proxy(), setWindowRect: true, strictFileInteractability: false, timeouts: {implicit: 0, pageLoad: 300000, script: 30000}, unhandledPromptBehavior: dismiss and notify, webauthn:virtualAuthenticators: true}
Session ID: ee53af283563fdaf8029c0e46809a493
*** Element info: {Using=xpath, value=/html/body/main/div/header/div/div[2]/ul[1]/li[2]/a}
at java.base/jdk.internal.reflect.NativeConstructorAccessorImpl.newInstance0(Native Method)
at java.base/jdk.internal.reflect.NativeConstructorAccessorImpl.newInstance(NativeConstructorAccessorImpl.java:62)
at java.base/jdk.internal.reflect.DelegatingConstructorAccessorImpl.newInstance(DelegatingConstructorAccessorImpl.java:45)
at java.base/java.lang.reflect.Constructor.newInstance(Constructor.java:490)
at org.openqa.selenium.remote.http.W3CHttpResponseCodec.createException(W3CHttpResponseCodec.java:187)
at org.openqa.selenium.remote.http.W3CHttpResponseCodec.decode(W3CHttpResponseCodec.java:122)
at org.openqa.selenium.remote.http.W3CHttpResponseCodec.decode(W3CHttpResponseCodec.java:49)
at org.openqa.selenium.remote.HttpCommandExecutor.execute(HttpCommandExecutor.java:164)
at org.openqa.selenium.remote.service.DriverCommandExecutor.execute(DriverCommandExecutor.java:83)
at org.openqa.selenium.remote.RemoteWebDriver.execute(RemoteWebDriver.java:601)
at org.openqa.selenium.remote.RemoteWebDriver.findElement(RemoteWebDriver.java:371)
at org.openqa.selenium.remote.RemoteWebDriver.findElementByXPath(RemoteWebDriver.java:473)
at org.openqa.selenium.By$ByXPath.findElement(By.java:361)
at org.openqa.selenium.remote.RemoteWebDriver.findElement(RemoteWebDriver.java:363)
at org.openqa.selenium.support.pagefactory.DefaultElementLocator.findElement(DefaultElementLocator.java:69)
at org.openqa.selenium.support.pagefactory.internal.LocatingElementHandler.invoke(LocatingElementHandler.java:38)
at com.sun.proxy.$Proxy25.getText(Unknown Source)
at pages.actions.LoginActions.UserIsSignedIn(LoginActions.java:48)
at steps.SharedSteps.redirected_to_home_page(SharedSteps.java:54)
at ✽.I am redirected to my home page(file:src/test/resources/FeatureFiles/Profile.feature:97)
]]>
    </error>
  </testcase> <!-- runScenario -->
  <testcase classname="runners.RunCuke" name="runScenario" time="9.202"/>
  <testcase classname="runners.RunCuke" name="runScenario" time="7.043"/>
  <testcase classname="runners.RunCuke" name="runScenario" time="12.081"/>
  <testcase classname="runners.RunCuke" name="runScenario" time="8.557"/>
</testsuite> <!-- runners.RunCuke -->
