<?xml version="1.0" encoding="UTF-8"?>
<!-- Generated by org.testng.reporters.JUnitReportReporter -->
<testsuite hostname="Alecs-MacBook-Pro-2.local" failures="0" tests="4" name="runners.RunCuke" time="33.435" errors="0" timestamp="07 Nov 2020 21:28:14 GMT" skipped="0">
  <testcase classname="runners.RunCuke" name="runScenario" time="8.059"/>
  <testcase classname="runners.RunCuke" name="runScenario" time="7.816"/>
  <testcase classname="runners.RunCuke" name="runScenario" time="9.828"/>
  <testcase classname="runners.RunCuke" name="runScenario" time="7.732"/>
</testsuite> <!-- runners.RunCuke -->
