<?xml version="1.0" encoding="UTF-8"?>
<!-- Generated by org.testng.reporters.JUnitReportReporter -->
<testsuite hostname="Alecs-MacBook-Pro-2.local" failures="0" tests="9" name="runners.RunCuke" time="85.855" errors="0" timestamp="16 Jan 2021 20:10:31 GMT" skipped="0">
  <testcase classname="runners.RunCuke" name="runScenario" time="6.702"/>
  <testcase classname="runners.RunCuke" name="runScenario" time="12.091"/>
  <testcase classname="runners.RunCuke" name="runScenario" time="8.298"/>
  <testcase classname="runners.RunCuke" name="runScenario" time="13.220"/>
  <testcase classname="runners.RunCuke" name="runScenario" time="6.015"/>
  <testcase classname="runners.RunCuke" name="runScenario" time="13.007"/>
  <testcase classname="runners.RunCuke" name="runScenario" time="7.098"/>
  <testcase classname="runners.RunCuke" name="runScenario" time="7.264"/>
  <testcase classname="runners.RunCuke" name="runScenario" time="12.160"/>
</testsuite> <!-- runners.RunCuke -->
