<?xml version="1.0" encoding="UTF-8"?>
<!-- Generated by org.testng.reporters.JUnitReportReporter -->
<testsuite hostname="Alecs-MacBook-Pro-2.local" failures="0" tests="6" name="runners.RunCuke" time="32.778" errors="0" timestamp="03 Nov 2020 23:11:32 GMT" skipped="0">
  <testcase classname="runners.RunCuke" name="runScenario" time="5.589"/>
  <testcase classname="runners.RunCuke" name="runScenario" time="4.346"/>
  <testcase classname="runners.RunCuke" name="runScenario" time="5.746"/>
  <testcase classname="runners.RunCuke" name="runScenario" time="5.812"/>
  <testcase classname="runners.RunCuke" name="runScenario" time="6.778"/>
  <testcase classname="runners.RunCuke" name="runScenario" time="4.507"/>
</testsuite> <!-- runners.RunCuke -->
