<?xml version="1.0" encoding="UTF-8"?>
<!-- Generated by org.testng.reporters.JUnitReportReporter -->
<testsuite hostname="Alecs-MacBook-Pro-2.local" failures="0" tests="3" name="runners.RunCuke" time="20.670" errors="0" timestamp="08 Nov 2020 20:54:08 GMT" skipped="0">
  <testcase classname="runners.RunCuke" name="runScenario" time="7.020"/>
  <testcase classname="runners.RunCuke" name="runScenario" time="6.066"/>
  <testcase classname="runners.RunCuke" name="runScenario" time="7.584"/>
</testsuite> <!-- runners.RunCuke -->
