<?xml version="1.0" encoding="UTF-8"?>
<!-- Generated by org.testng.reporters.JUnitReportReporter -->
<testsuite hostname="Alecs-MacBook-Pro-2.local" failures="0" tests="1" name="runners.RunCuke" time="9.810" errors="0" timestamp="06 Jan 2021 19:16:54 GMT" skipped="0">
  <testcase classname="runners.RunCuke" name="runScenario" time="9.810"/>
</testsuite> <!-- runners.RunCuke -->
