<?xml version="1.0" encoding="UTF-8"?>
<!-- Generated by org.testng.reporters.JUnitReportReporter -->
<testsuite hostname="Alecs-MacBook-Pro-2.local" failures="0" tests="6" name="runners.RunCuke" time="26.936" errors="0" timestamp="03 Nov 2020 20:30:54 GMT" skipped="0">
  <testcase classname="runners.RunCuke" name="runScenario" time="4.652"/>
  <testcase classname="runners.RunCuke" name="runScenario" time="4.694"/>
  <testcase classname="runners.RunCuke" name="runScenario" time="5.001"/>
  <testcase classname="runners.RunCuke" name="runScenario" time="4.769"/>
  <testcase classname="runners.RunCuke" name="runScenario" time="3.913"/>
  <testcase classname="runners.RunCuke" name="runScenario" time="3.907"/>
</testsuite> <!-- runners.RunCuke -->
